<?xml version="1.0" encoding="UTF-8"?>
<testsuite name="TestAddTwoNumbers" tests="2" skipped="0" failures="0" errors="0" timestamp="2019-08-16T22:09:28" hostname="Hanas-MBP" time="0.004">
  <properties/>
  <testcase name="testAddTwoNumbersDifferentSizedLists" classname="TestAddTwoNumbers" time="0.003"/>
  <testcase name="testAddTwoNumbersSameSizedListsAndCarryAtTheEnd" classname="TestAddTwoNumbers" time="0.001"/>
  <system-out><![CDATA[]]></system-out>
  <system-err><![CDATA[]]></system-err>
</testsuite>
